<?xml version="1.0" encoding="UTF-8"?>
<testng-results ignored="0" total="1" passed="1" failed="0" skipped="0">
  <reporter-output>
  </reporter-output>
  <suite started-at="2026-02-25T16:12:50 IST" name="BankingSuite" finished-at="2026-02-25T16:13:05 IST" duration-ms="14767">
    <groups>
    </groups>
    <test started-at="2026-02-25T16:12:50 IST" name="LoginTests" finished-at="2026-02-25T16:13:05 IST" duration-ms="14767">
      <class name="bankingTests.LoginTest">
        <test-method signature="openBankingSite()[pri:0, instance:bankingTests.LoginTest@50eac852]" started-at="2026-02-25T16:12:50 IST" name="openBankingSite" finished-at="2026-02-25T16:13:05 IST" duration-ms="14690" status="PASS">
          <reporter-output>
          </reporter-output>
        </test-method> <!-- openBankingSite -->
      </class> <!-- bankingTests.LoginTest -->
    </test> <!-- LoginTests -->
  </suite> <!-- BankingSuite -->
</testng-results>
